Music Player/Music Player/Stage 1/build/intermediates/manifest_merge_blame_file/debug/manifest-merger-blame-debug-report.txt
1<?xml version="1.0" encoding="utf-8"?>
2<manifest xmlns:android="http://schemas.android.com/apk/res/android"
3    package="com.example.boss"
4    android:versionCode="1"
5    android:versionName="1.0" >
6
7    <uses-sdk
8        android:minSdkVersion="21"
8-->src\main\AndroidManifest.xml
9        android:targetSdkVersion="31" />
9-->src\main\AndroidManifest.xml
10
11    <application
11-->src\main\AndroidManifest.xml:5:3-18:17
12        android:allowBackup="true"
12-->src\main\AndroidManifest.xml:6:7-33
13        android:appComponentFactory="androidx.core.app.CoreComponentFactory"
13-->[androidx.core:core:1.7.0] AndroidManifest.xml:24:18-86
14        android:debuggable="true"
15        android:label="@string/app_name"
15-->src\main\AndroidManifest.xml:7:7-39
16        android:supportsRtl="true"
16-->src\main\AndroidManifest.xml:8:7-33
17        android:theme="@style/AppTheme" >
17-->src\main\AndroidManifest.xml:9:7-38
18        <activity
18-->src\main\AndroidManifest.xml:11:5-17:16
19            android:name="com.example.boss.MainActivity"
19-->src\main\AndroidManifest.xml:11:15-43
20            android:exported="true" >
20-->src\main\AndroidManifest.xml:12:9-32
21            <intent-filter>
21-->src\main\AndroidManifest.xml:13:7-16:23
22                <action android:name="android.intent.action.MAIN" />
22-->src\main\AndroidManifest.xml:14:9-60
22-->src\main\AndroidManifest.xml:14:17-58
23
24                <category android:name="android.intent.category.LAUNCHER" />
24-->src\main\AndroidManifest.xml:15:9-68
24-->src\main\AndroidManifest.xml:15:19-66
25            </intent-filter>
26        </activity>
27
28        <provider
28-->[androidx.emoji2:emoji2:1.0.0] AndroidManifest.xml:26:9-34:20
29            android:name="androidx.startup.InitializationProvider"
29-->[androidx.emoji2:emoji2:1.0.0] AndroidManifest.xml:27:13-67
30            android:authorities="com.example.boss.androidx-startup"
30-->[androidx.emoji2:emoji2:1.0.0] AndroidManifest.xml:28:13-68
31            android:exported="false" >
31-->[androidx.emoji2:emoji2:1.0.0] AndroidManifest.xml:29:13-37
32            <meta-data
32-->[androidx.emoji2:emoji2:1.0.0] AndroidManifest.xml:31:13-33:52
33                android:name="androidx.emoji2.text.EmojiCompatInitializer"
33-->[androidx.emoji2:emoji2:1.0.0] AndroidManifest.xml:32:17-75
34                android:value="androidx.startup" />
34-->[androidx.emoji2:emoji2:1.0.0] AndroidManifest.xml:33:17-49
35            <meta-data
35-->[androidx.lifecycle:lifecycle-process:2.4.0] AndroidManifest.xml:31:13-33:52
36                android:name="androidx.lifecycle.ProcessLifecycleInitializer"
36-->[androidx.lifecycle:lifecycle-process:2.4.0] AndroidManifest.xml:32:17-78
37                android:value="androidx.startup" />
37-->[androidx.lifecycle:lifecycle-process:2.4.0] AndroidManifest.xml:33:17-49
38        </provider>
39    </application>
40
41</manifest>